# JRE version: Java(TM) SE Runtime Environment (8.0_91-b14) (build 1.8.0_91-b14)
# Java VM: Java HotSpot(TM) 64-Bit Server VM (25.91-b14 mixed mode windows-amd64 compressed oops)
Heap:
 PSYoungGen      total 135168K, used 61567K [0x00000000d6000000, 0x00000000e2880000, 0x0000000100000000)
  eden space 123904K, 41% used [0x00000000d6000000,0x00000000d92ac5f0,0x00000000dd900000)
  from space 11264K, 85% used [0x00000000dd900000,0x00000000de273928,0x00000000de400000)
  to   space 12288K, 0% used [0x00000000e1c80000,0x00000000e1c80000,0x00000000e2880000)
 ParOldGen       total 57344K, used 9244K [0x0000000082000000, 0x0000000085800000, 0x00000000d6000000)
  object space 57344K, 16% used [0x0000000082000000,0x00000000829073d8,0x0000000085800000)
 Metaspace       used 32270K, capacity 32650K, committed 32896K, reserved 1077248K
  class space    used 4008K, capacity 4136K, committed 4224K, reserved 1048576K
GC Heap History (10 events):
Event: 2.644 GC heap before
{Heap before GC invocations=4 (full 0):
 PSYoungGen      total 37888K, used 37885K [0x00000000d6000000, 0x00000000daa00000, 0x0000000100000000)
  eden space 32768K, 100% used [0x00000000d6000000,0x00000000d8000000,0x00000000d8000000)
  from space 5120K, 99% used [0x00000000d8000000,0x00000000d84ff6c0,0x00000000d8500000)
  to   space 5120K, 0% used [0x00000000da500000,0x00000000da500000,0x00000000daa00000)
 ParOldGen       total 86016K, used 7650K [0x0000000082000000, 0x0000000087400000, 0x00000000d6000000)
  object space 86016K, 8% used [0x0000000082000000,0x0000000082778a98,0x0000000087400000)
 Metaspace       used 20643K, capacity 20936K, committed 20992K, reserved 1067008K
  class space    used 2642K, capacity 2762K, committed 2816K, reserved 1048576K
Event: 2.660 GC heap after
Heap after GC invocations=4 (full 0):
 PSYoungGen      total 70656K, used 5088K [0x00000000d6000000, 0x00000000daa00000, 0x0000000100000000)
  eden space 65536K, 0% used [0x00000000d6000000,0x00000000d6000000,0x00000000da000000)
  from space 5120K, 99% used [0x00000000da500000,0x00000000da9f8020,0x00000000daa00000)
  to   space 5120K, 0% used [0x00000000da000000,0x00000000da000000,0x00000000da500000)
 ParOldGen       total 86016K, used 10980K [0x0000000082000000, 0x0000000087400000, 0x00000000d6000000)
  object space 86016K, 12% used [0x0000000082000000,0x0000000082ab92f0,0x0000000087400000)
 Metaspace       used 20643K, capacity 20936K, committed 20992K, reserved 1067008K
  class space    used 2642K, capacity 2762K, committed 2816K, reserved 1048576K
}
Event: 2.721 GC heap before
{Heap before GC invocations=5 (full 0):
 PSYoungGen      total 70656K, used 11915K [0x00000000d6000000, 0x00000000daa00000, 0x0000000100000000)
  eden space 65536K, 10% used [0x00000000d6000000,0x00000000d66aad40,0x00000000da000000)
  from space 5120K, 99% used [0x00000000da500000,0x00000000da9f8020,0x00000000daa00000)
  to   space 5120K, 0% used [0x00000000da000000,0x00000000da000000,0x00000000da500000)
 ParOldGen       total 86016K, used 10980K [0x0000000082000000, 0x0000000087400000, 0x00000000d6000000)
  object space 86016K, 12% used [0x0000000082000000,0x0000000082ab92f0,0x0000000087400000)
 Metaspace       used 20948K, capacity 21224K, committed 21248K, reserved 1067008K
  class space    used 2668K, capacity 2794K, committed 2816K, reserved 1048576K
Event: 2.730 GC heap after
Heap after GC invocations=5 (full 0):
 PSYoungGen      total 70656K, used 5093K [0x00000000d6000000, 0x00000000df600000, 0x0000000100000000)
  eden space 65536K, 0% used [0x00000000d6000000,0x00000000d6000000,0x00000000da000000)
  from space 5120K, 99% used [0x00000000da000000,0x00000000da4f9428,0x00000000da500000)
  to   space 11264K, 0% used [0x00000000deb00000,0x00000000deb00000,0x00000000df600000)
 ParOldGen       total 86016K, used 11463K [0x0000000082000000, 0x0000000087400000, 0x00000000d6000000)
  object space 86016K, 13% used [0x0000000082000000,0x0000000082b31fb8,0x0000000087400000)
 Metaspace       used 20948K, capacity 21224K, committed 21248K, reserved 1067008K
  class space    used 2668K, capacity 2794K, committed 2816K, reserved 1048576K
}
Event: 2.730 GC heap before
{Heap before GC invocations=6 (full 1):
 PSYoungGen      total 70656K, used 5093K [0x00000000d6000000, 0x00000000df600000, 0x0000000100000000)
  eden space 65536K, 0% used [0x00000000d6000000,0x00000000d6000000,0x00000000da000000)
  from space 5120K, 99% used [0x00000000da000000,0x00000000da4f9428,0x00000000da500000)
  to   space 11264K, 0% used [0x00000000deb00000,0x00000000deb00000,0x00000000df600000)
 ParOldGen       total 86016K, used 11463K [0x0000000082000000, 0x0000000087400000, 0x00000000d6000000)
  object space 86016K, 13% used [0x0000000082000000,0x0000000082b31fb8,0x0000000087400000)
 Metaspace       used 20948K, capacity 21224K, committed 21248K, reserved 1067008K
  class space    used 2668K, capacity 2794K, committed 2816K, reserved 1048576K
Event: 2.774 GC heap after
Heap after GC invocations=6 (full 1):
 PSYoungGen      total 70656K, used 0K [0x00000000d6000000, 0x00000000df600000, 0x0000000100000000)
  eden space 65536K, 0% used [0x00000000d6000000,0x00000000d6000000,0x00000000da000000)
  from space 5120K, 0% used [0x00000000da000000,0x00000000da000000,0x00000000da500000)
  to   space 11264K, 0% used [0x00000000deb00000,0x00000000deb00000,0x00000000df600000)
 ParOldGen       total 57344K, used 9228K [0x0000000082000000, 0x0000000085800000, 0x00000000d6000000)
  object space 57344K, 16% used [0x0000000082000000,0x00000000829033d8,0x0000000085800000)
 Metaspace       used 20948K, capacity 21224K, committed 21248K, reserved 1067008K
  class space    used 2668K, capacity 2794K, committed 2816K, reserved 1048576K
}
Event: 3.735 GC heap before
{Heap before GC invocations=7 (full 1):
 PSYoungGen      total 70656K, used 65536K [0x00000000d6000000, 0x00000000df600000, 0x0000000100000000)
  eden space 65536K, 100% used [0x00000000d6000000,0x00000000da000000,0x00000000da000000)
  from space 5120K, 0% used [0x00000000da000000,0x00000000da000000,0x00000000da500000)
  to   space 11264K, 0% used [0x00000000deb00000,0x00000000deb00000,0x00000000df600000)
 ParOldGen       total 57344K, used 9228K [0x0000000082000000, 0x0000000085800000, 0x00000000d6000000)
  object space 57344K, 16% used [0x0000000082000000,0x00000000829033d8,0x0000000085800000)
 Metaspace       used 23700K, capacity 23978K, committed 24192K, reserved 1071104K
  class space    used 3036K, capacity 3132K, committed 3200K, reserved 1048576K
Event: 3.745 GC heap after
Heap after GC invocations=7 (full 1):
 PSYoungGen      total 114688K, used 4077K [0x00000000d6000000, 0x00000000def00000, 0x0000000100000000)
  eden space 110592K, 0% used [0x00000000d6000000,0x00000000d6000000,0x00000000dcc00000)
  from space 4096K, 99% used [0x00000000deb00000,0x00000000deefb468,0x00000000def00000)
  to   space 11264K, 0% used [0x00000000dd900000,0x00000000dd900000,0x00000000de400000)
 ParOldGen       total 57344K, used 9236K [0x0000000082000000, 0x0000000085800000, 0x00000000d6000000)
  object space 57344K, 16% used [0x0000000082000000,0x00000000829053d8,0x0000000085800000)
 Metaspace       used 23700K, capacity 23978K, committed 24192K, reserved 1071104K
  class space    used 3036K, capacity 3132K, committed 3200K, reserved 1048576K
}
Event: 6.129 GC heap before
{Heap before GC invocations=8 (full 1):
 PSYoungGen      total 114688K, used 114669K [0x00000000d6000000, 0x00000000def00000, 0x0000000100000000)
  eden space 110592K, 100% used [0x00000000d6000000,0x00000000dcc00000,0x00000000dcc00000)
  from space 4096K, 99% used [0x00000000deb00000,0x00000000deefb468,0x00000000def00000)
  to   space 11264K, 0% used [0x00000000dd900000,0x00000000dd900000,0x00000000de400000)
 ParOldGen       total 57344K, used 9236K [0x0000000082000000, 0x0000000085800000, 0x00000000d6000000)
  object space 57344K, 16% used [0x0000000082000000,0x00000000829053d8,0x0000000085800000)
 Metaspace       used 29212K, capacity 29588K, committed 29824K, reserved 1075200K
  class space    used 3701K, capacity 3843K, committed 3968K, reserved 1048576K
Event: 6.145 GC heap after
Heap after GC invocations=8 (full 1):
 PSYoungGen      total 135168K, used 9678K [0x00000000d6000000, 0x00000000e2880000, 0x0000000100000000)
  eden space 123904K, 0% used [0x00000000d6000000,0x00000000d6000000,0x00000000dd900000)
  from space 11264K, 85% used [0x00000000dd900000,0x00000000de273928,0x00000000de400000)
  to   space 12288K, 0% used [0x00000000e1c80000,0x00000000e1c80000,0x00000000e2880000)
 ParOldGen       total 57344K, used 9244K [0x0000000082000000, 0x0000000085800000, 0x00000000d6000000)
  object space 57344K, 16% used [0x0000000082000000,0x00000000829073d8,0x0000000085800000)
 Metaspace       used 29212K, capacity 29588K, committed 29824K, reserved 1075200K
  class space    used 3701K, capacity 3843K, committed 3968K, reserved 1048576K
}

